<?xml version="1.0" encoding="UTF-8"?>
<coverage generated="1439915524889" clover="3.2.0">
	<project timestamp="1439915524889"  name="All Files" >
		<metrics statements="3"  coveredstatements="3"  conditionals="0"  coveredconditionals="0"  methods="1"  coveredmethods="1"  elements="4"  coveredelements="4"  complexity="0"  packages="1"  files="1"  classes="1"  loc="7"  ncloc="7" />
		<package name="src" >
			<metrics statements="3"  coveredstatements="3"  conditionals="0"  coveredconditionals="0"  methods="1"  coveredmethods="1" />
			<file name="App.js"  path="/Users/asakura/tamr-jest-demo/src/App.js" >
				<metrics statements="3"  coveredstatements="3"  conditionals="0"  coveredconditionals="0"  methods="1"  coveredmethods="1" />
				<line num="1"  count="1"  type="stmt" />
				<line num="5"  count="1"  type="stmt" />
				<line num="7"  count="1"  type="stmt" />
			</file>
		</package>
	</project>
</coverage>
