{
"/Users/asakura/tamr-jest-demo/src/App.js":{"path":"/Users/asakura/tamr-jest-demo/src/App.js","s":{"1":1,"2":1,"3":1,"4":1,"5":1},"b":{},"f":{"1":1},"fnMap":{"1":{"name":"render","line":4,"loc":{"start":{"line":4,"column":12},"end":{"line":4,"column":30}}}},"statementMap":{"1":{"start":{"line":1,"column":13},"end":{"line":1,"column":75}},"2":{"start":{"line":1,"column":75},"end":{"line":1,"column":104}},"3":{"start":{"line":1,"column":104},"end":{"line":7,"column":66}},"4":{"start":{"line":5,"column":8},"end":{"line":7,"column":61}},"5":{"start":{"line":7,"column":66},"end":{"line":7,"column":102}}},"branchMap":{},"l":{"1":1,"5":1,"7":1}}}
